[debug] [2025-12-23T09:15:27.359Z] ----------------------------------------------------------------------
[debug] [2025-12-23T09:15:27.363Z] Command:       C:\Program Files\nodejs\node.exe C:\Users\krish\AppData\Roaming\npm\node_modules\firebase-tools\lib\bin\firebase.js init
[debug] [2025-12-23T09:15:27.363Z] CLI Version:   15.1.0
[debug] [2025-12-23T09:15:27.363Z] Platform:      win32
[debug] [2025-12-23T09:15:27.364Z] Node Version:  v22.11.0
[debug] [2025-12-23T09:15:27.364Z] Time:          Tue Dec 23 2025 14:45:27 GMT+0530 (India Standard Time)
[debug] [2025-12-23T09:15:27.365Z] ----------------------------------------------------------------------
[debug] 
[debug] [2025-12-23T09:15:27.367Z] >>> [apiv2][query] GET https://firebase-public.firebaseio.com/cli.json [none]
[info] 
     ######## #### ########  ######## ########     ###     ######  ########
     ##        ##  ##     ## ##       ##     ##  ##   ##  ##       ##
     ######    ##  ########  ######   ########  #########  ######  ######
     ##        ##  ##    ##  ##       ##     ## ##     ##       ## ##
     ##       #### ##     ## ######## ########  ##     ##  ######  ########

You're about to initialize a Firebase project in this directory:

  C:\Users\krish\OneDrive\Desktop\Face_Attendance_System

[debug] [2025-12-23T09:15:30.251Z] <<< [apiv2][status] GET https://firebase-public.firebaseio.com/cli.json 200
[debug] [2025-12-23T09:15:30.251Z] <<< [apiv2][body] GET https://firebase-public.firebaseio.com/cli.json {"cloudBuildErrorAfter":1594252800000,"cloudBuildWarnAfter":1590019200000,"defaultNode10After":1594252800000,"minVersion":"3.0.5","node8DeploysDisabledAfter":1613390400000,"node8RuntimeDisabledAfter":1615809600000,"node8WarnAfter":1600128000000}
[info] 
=== Project Setup
[info] 
[info] First, let's associate this project directory with a Firebase project.
[info] You can create multiple project aliases by running firebase use --add, 
[info] 
[debug] [2025-12-23T09:16:31.541Z] > command requires scopes: ["email","openid","https://www.googleapis.com/auth/cloudplatformprojects.readonly","https://www.googleapis.com/auth/firebase","https://www.googleapis.com/auth/cloud-platform"]
[debug] [2025-12-23T09:16:31.542Z] > authorizing via signed-in user (debtushar565@gmail.com)
[debug] [2025-12-23T09:16:31.547Z] Checked if tokens are valid: false, expires at: 1762476139358
[debug] [2025-12-23T09:16:31.549Z] Checked if tokens are valid: false, expires at: 1762476139358
[debug] [2025-12-23T09:16:31.549Z] > refreshing access token with scopes: []
[debug] [2025-12-23T09:16:31.554Z] >>> [apiv2][query] POST https://www.googleapis.com/oauth2/v3/token [none]
[debug] [2025-12-23T09:16:31.554Z] >>> [apiv2][body] POST https://www.googleapis.com/oauth2/v3/token [omitted]
[debug] [2025-12-23T09:16:32.181Z] <<< [apiv2][status] POST https://www.googleapis.com/oauth2/v3/token 400
[debug] [2025-12-23T09:16:32.181Z] <<< [apiv2][body] POST https://www.googleapis.com/oauth2/v3/token [omitted]
[debug] [2025-12-23T09:16:32.182Z] >>> [apiv2][query] GET https://firebase.googleapis.com/v1beta1/projects pageSize=100
[debug] [2025-12-23T09:16:32.825Z] <<< [apiv2][status] GET https://firebase.googleapis.com/v1beta1/projects 401
[debug] [2025-12-23T09:16:32.825Z] <<< [apiv2][body] GET https://firebase.googleapis.com/v1beta1/projects [omitted]
[debug] [2025-12-23T09:16:32.825Z] Got a 401 Unauthenticated error for a call that required authentication. Refreshing tokens.
[debug] [2025-12-23T09:16:32.825Z] Checked if tokens are valid: false, expires at: 1762476139358
[debug] [2025-12-23T09:16:32.825Z] Checked if tokens are valid: false, expires at: 1762476139358
[debug] [2025-12-23T09:16:32.826Z] > refreshing access token with scopes: []
[debug] [2025-12-23T09:16:32.826Z] >>> [apiv2][query] POST https://www.googleapis.com/oauth2/v3/token [none]
[debug] [2025-12-23T09:16:32.826Z] >>> [apiv2][body] POST https://www.googleapis.com/oauth2/v3/token [omitted]
[debug] [2025-12-23T09:16:32.979Z] <<< [apiv2][status] POST https://www.googleapis.com/oauth2/v3/token 400
[debug] [2025-12-23T09:16:32.979Z] <<< [apiv2][body] POST https://www.googleapis.com/oauth2/v3/token [omitted]
[debug] [2025-12-23T09:16:32.981Z] Request to https://firebase.googleapis.com/v1beta1/projects?pageSize=100 had HTTP Error: 401, Request had invalid authentication credentials. Expected OAuth 2 access token, login cookie or other valid authentication credential. See https://developers.google.com/identity/sign-in/web/devconsole-project.
[debug] [2025-12-23T09:16:33.469Z] FirebaseError: Request to https://firebase.googleapis.com/v1beta1/projects?pageSize=100 had HTTP Error: 401, Request had invalid authentication credentials. Expected OAuth 2 access token, login cookie or other valid authentication credential. See https://developers.google.com/identity/sign-in/web/devconsole-project.
    at responseToError (C:\Users\krish\AppData\Roaming\npm\node_modules\firebase-tools\lib\responseToError.js:53:12)
    at RetryOperation._fn (C:\Users\krish\AppData\Roaming\npm\node_modules\firebase-tools\lib\apiv2.js:322:77)
    at process.processTicksAndRejections (node:internal/process/task_queues:105:5)
[error] 
[error] Error: Failed to list Firebase projects. See firebase-debug.log for more info.
[debug] [2025-12-23T09:17:12.668Z] ----------------------------------------------------------------------
[debug] [2025-12-23T09:17:12.671Z] Command:       C:\Program Files\nodejs\node.exe C:\Users\krish\AppData\Roaming\npm\node_modules\firebase-tools\lib\bin\firebase.js init
[debug] [2025-12-23T09:17:12.671Z] CLI Version:   15.1.0
[debug] [2025-12-23T09:17:12.671Z] Platform:      win32
[debug] [2025-12-23T09:17:12.671Z] Node Version:  v22.11.0
[debug] [2025-12-23T09:17:12.671Z] Time:          Tue Dec 23 2025 14:47:12 GMT+0530 (India Standard Time)
[debug] [2025-12-23T09:17:12.671Z] ----------------------------------------------------------------------
[debug] 
[info] 
     ######## #### ########  ######## ########     ###     ######  ########
     ##        ##  ##     ## ##       ##     ##  ##   ##  ##       ##
     ######    ##  ########  ######   ########  #########  ######  ######
     ##        ##  ##    ##  ##       ##     ## ##     ##       ## ##
     ##       #### ##     ## ######## ########  ##     ##  ######  ########

You're about to initialize a Firebase project in this directory:

  C:\Users\krish\OneDrive\Desktop\Face_Attendance_System

[info] 
=== Project Setup
[info] 
[info] First, let's associate this project directory with a Firebase project.
[info] You can create multiple project aliases by running firebase use --add, 
[info] 
[debug] [2025-12-23T09:17:35.805Z] > command requires scopes: ["email","openid","https://www.googleapis.com/auth/cloudplatformprojects.readonly","https://www.googleapis.com/auth/firebase","https://www.googleapis.com/auth/cloud-platform"]
[debug] [2025-12-23T09:17:35.806Z] > authorizing via signed-in user (debtushar565@gmail.com)
[debug] [2025-12-23T09:17:35.807Z] Checked if tokens are valid: false, expires at: 1762476139358
[debug] [2025-12-23T09:17:35.807Z] Checked if tokens are valid: false, expires at: 1762476139358
[debug] [2025-12-23T09:17:35.808Z] > refreshing access token with scopes: []
[debug] [2025-12-23T09:17:35.810Z] >>> [apiv2][query] POST https://www.googleapis.com/oauth2/v3/token [none]
[debug] [2025-12-23T09:17:35.810Z] >>> [apiv2][body] POST https://www.googleapis.com/oauth2/v3/token [omitted]
[debug] [2025-12-23T09:17:36.161Z] <<< [apiv2][status] POST https://www.googleapis.com/oauth2/v3/token 400
[debug] [2025-12-23T09:17:36.161Z] <<< [apiv2][body] POST https://www.googleapis.com/oauth2/v3/token [omitted]
[debug] [2025-12-23T09:17:36.161Z] >>> [apiv2][query] GET https://firebase.googleapis.com/v1beta1/projects pageSize=100
[debug] [2025-12-23T09:17:37.125Z] <<< [apiv2][status] GET https://firebase.googleapis.com/v1beta1/projects 401
[debug] [2025-12-23T09:17:37.125Z] <<< [apiv2][body] GET https://firebase.googleapis.com/v1beta1/projects [omitted]
[debug] [2025-12-23T09:17:37.125Z] Got a 401 Unauthenticated error for a call that required authentication. Refreshing tokens.
[debug] [2025-12-23T09:17:37.125Z] Checked if tokens are valid: false, expires at: 1762476139358
[debug] [2025-12-23T09:17:37.125Z] Checked if tokens are valid: false, expires at: 1762476139358
[debug] [2025-12-23T09:17:37.125Z] > refreshing access token with scopes: []
[debug] [2025-12-23T09:17:37.126Z] >>> [apiv2][query] POST https://www.googleapis.com/oauth2/v3/token [none]
[debug] [2025-12-23T09:17:37.126Z] >>> [apiv2][body] POST https://www.googleapis.com/oauth2/v3/token [omitted]
[debug] [2025-12-23T09:17:37.265Z] <<< [apiv2][status] POST https://www.googleapis.com/oauth2/v3/token 400
[debug] [2025-12-23T09:17:37.265Z] <<< [apiv2][body] POST https://www.googleapis.com/oauth2/v3/token [omitted]
[debug] [2025-12-23T09:17:37.266Z] Request to https://firebase.googleapis.com/v1beta1/projects?pageSize=100 had HTTP Error: 401, Request had invalid authentication credentials. Expected OAuth 2 access token, login cookie or other valid authentication credential. See https://developers.google.com/identity/sign-in/web/devconsole-project.
[debug] [2025-12-23T09:17:37.765Z] FirebaseError: Request to https://firebase.googleapis.com/v1beta1/projects?pageSize=100 had HTTP Error: 401, Request had invalid authentication credentials. Expected OAuth 2 access token, login cookie or other valid authentication credential. See https://developers.google.com/identity/sign-in/web/devconsole-project.
    at responseToError (C:\Users\krish\AppData\Roaming\npm\node_modules\firebase-tools\lib\responseToError.js:53:12)
    at RetryOperation._fn (C:\Users\krish\AppData\Roaming\npm\node_modules\firebase-tools\lib\apiv2.js:322:77)
    at process.processTicksAndRejections (node:internal/process/task_queues:105:5)
[error] 
[error] Error: Failed to list Firebase projects. See firebase-debug.log for more info.
[debug] [2025-12-23T09:17:46.439Z] ----------------------------------------------------------------------
[debug] [2025-12-23T09:17:46.441Z] Command:       C:\Program Files\nodejs\node.exe C:\Users\krish\AppData\Roaming\npm\node_modules\firebase-tools\lib\bin\firebase.js init
[debug] [2025-12-23T09:17:46.441Z] CLI Version:   15.1.0
[debug] [2025-12-23T09:17:46.441Z] Platform:      win32
[debug] [2025-12-23T09:17:46.441Z] Node Version:  v22.11.0
[debug] [2025-12-23T09:17:46.441Z] Time:          Tue Dec 23 2025 14:47:46 GMT+0530 (India Standard Time)
[debug] [2025-12-23T09:17:46.441Z] ----------------------------------------------------------------------
[debug] 
[info] 
     ######## #### ########  ######## ########     ###     ######  ########
     ##        ##  ##     ## ##       ##     ##  ##   ##  ##       ##
     ######    ##  ########  ######   ########  #########  ######  ######
     ##        ##  ##    ##  ##       ##     ## ##     ##       ## ##
     ##       #### ##     ## ######## ########  ##     ##  ######  ########

You're about to initialize a Firebase project in this directory:

  C:\Users\krish\OneDrive\Desktop\Face_Attendance_System

[info] 
=== Project Setup
[info] 
[info] First, let's associate this project directory with a Firebase project.
[info] You can create multiple project aliases by running firebase use --add, 
[info] 
[info] i  If you want to create a project in a Google Cloud organization or folder, please use "firebase projects:create" instead, and return to this command when you've created the project. 
[debug] [2025-12-23T09:18:06.660Z] > command requires scopes: ["email","openid","https://www.googleapis.com/auth/cloudplatformprojects.readonly","https://www.googleapis.com/auth/firebase","https://www.googleapis.com/auth/cloud-platform"]
[debug] [2025-12-23T09:18:06.660Z] > authorizing via signed-in user (debtushar565@gmail.com)
[debug] [2025-12-23T09:18:48.882Z] Checked if tokens are valid: false, expires at: 1762476139358
[debug] [2025-12-23T09:18:48.882Z] Checked if tokens are valid: false, expires at: 1762476139358
[debug] [2025-12-23T09:18:48.883Z] > refreshing access token with scopes: []
[debug] [2025-12-23T09:18:48.885Z] >>> [apiv2][query] POST https://www.googleapis.com/oauth2/v3/token [none]
[debug] [2025-12-23T09:18:48.886Z] >>> [apiv2][body] POST https://www.googleapis.com/oauth2/v3/token [omitted]
[debug] [2025-12-23T09:18:49.676Z] <<< [apiv2][status] POST https://www.googleapis.com/oauth2/v3/token 400
[debug] [2025-12-23T09:18:49.676Z] <<< [apiv2][body] POST https://www.googleapis.com/oauth2/v3/token [omitted]
[debug] [2025-12-23T09:18:49.676Z] >>> [apiv2][query] POST https://firebase.googleapis.com/v1/projects:checkProjectId [none]
[debug] [2025-12-23T09:18:49.676Z] >>> [apiv2][body] POST https://firebase.googleapis.com/v1/projects:checkProjectId {"proposedId":"mark1234"}
[debug] [2025-12-23T09:18:50.526Z] <<< [apiv2][status] POST https://firebase.googleapis.com/v1/projects:checkProjectId 401
[debug] [2025-12-23T09:18:50.527Z] <<< [apiv2][body] POST https://firebase.googleapis.com/v1/projects:checkProjectId {"error":{"code":401,"message":"Request had invalid authentication credentials. Expected OAuth 2 access token, login cookie or other valid authentication credential. See https://developers.google.com/identity/sign-in/web/devconsole-project.","status":"UNAUTHENTICATED"}}
[debug] [2025-12-23T09:18:50.527Z] Got a 401 Unauthenticated error for a call that required authentication. Refreshing tokens.
[debug] [2025-12-23T09:18:50.527Z] Checked if tokens are valid: false, expires at: 1762476139358
[debug] [2025-12-23T09:18:50.527Z] Checked if tokens are valid: false, expires at: 1762476139358
[debug] [2025-12-23T09:18:50.527Z] > refreshing access token with scopes: []
[debug] [2025-12-23T09:18:50.528Z] >>> [apiv2][query] POST https://www.googleapis.com/oauth2/v3/token [none]
[debug] [2025-12-23T09:18:50.528Z] >>> [apiv2][body] POST https://www.googleapis.com/oauth2/v3/token [omitted]
[debug] [2025-12-23T09:18:50.680Z] <<< [apiv2][status] POST https://www.googleapis.com/oauth2/v3/token 400
[debug] [2025-12-23T09:18:50.680Z] <<< [apiv2][body] POST https://www.googleapis.com/oauth2/v3/token [omitted]
[debug] [2025-12-23T09:18:50.682Z] Couldn't check if project ID mark1234 is available. Original error: FirebaseError: Failed to check if project ID is available. See firebase-debug.log for more info.
[debug] [2025-12-23T09:19:26.341Z] Checked if tokens are valid: false, expires at: 1762476139358
[debug] [2025-12-23T09:19:26.341Z] Checked if tokens are valid: false, expires at: 1762476139358
[debug] [2025-12-23T09:19:26.341Z] > refreshing access token with scopes: []
[debug] [2025-12-23T09:19:26.342Z] >>> [apiv2][query] POST https://www.googleapis.com/oauth2/v3/token [none]
[debug] [2025-12-23T09:19:26.342Z] >>> [apiv2][body] POST https://www.googleapis.com/oauth2/v3/token [omitted]
[debug] [2025-12-23T09:19:26.642Z] <<< [apiv2][status] POST https://www.googleapis.com/oauth2/v3/token 400
[debug] [2025-12-23T09:19:26.642Z] <<< [apiv2][body] POST https://www.googleapis.com/oauth2/v3/token [omitted]
[debug] [2025-12-23T09:19:26.643Z] >>> [apiv2][query] POST https://cloudresourcemanager.googleapis.com/v1/projects [none]
[debug] [2025-12-23T09:19:26.643Z] >>> [apiv2][body] POST https://cloudresourcemanager.googleapis.com/v1/projects {"projectId":"mark1234","name":"face_attendance_system"}
[debug] [2025-12-23T09:19:28.487Z] <<< [apiv2][status] POST https://cloudresourcemanager.googleapis.com/v1/projects 401
[debug] [2025-12-23T09:19:28.487Z] <<< [apiv2][body] POST https://cloudresourcemanager.googleapis.com/v1/projects {"error":{"code":401,"message":"Request had invalid authentication credentials. Expected OAuth 2 access token, login cookie or other valid authentication credential. See https://developers.google.com/identity/sign-in/web/devconsole-project.","status":"UNAUTHENTICATED","details":[{"@type":"type.googleapis.com/google.rpc.ErrorInfo","reason":"ACCESS_TOKEN_TYPE_UNSUPPORTED","metadata":{"method":"google.cloudresourcemanager.v1.Projects.CreateProject","service":"cloudresourcemanager.googleapis.com"}}]}}
[debug] [2025-12-23T09:19:28.488Z] Got a 401 Unauthenticated error for a call that required authentication. Refreshing tokens.
[debug] [2025-12-23T09:19:28.488Z] Checked if tokens are valid: false, expires at: 1762476139358
[debug] [2025-12-23T09:19:28.488Z] Checked if tokens are valid: false, expires at: 1762476139358
[debug] [2025-12-23T09:19:28.488Z] > refreshing access token with scopes: []
[debug] [2025-12-23T09:19:28.488Z] >>> [apiv2][query] POST https://www.googleapis.com/oauth2/v3/token [none]
[debug] [2025-12-23T09:19:28.488Z] >>> [apiv2][body] POST https://www.googleapis.com/oauth2/v3/token [omitted]
[debug] [2025-12-23T09:19:28.639Z] <<< [apiv2][status] POST https://www.googleapis.com/oauth2/v3/token 400
[debug] [2025-12-23T09:19:28.639Z] <<< [apiv2][body] POST https://www.googleapis.com/oauth2/v3/token [omitted]
[debug] [2025-12-23T09:19:28.956Z] FirebaseError: Request to https://cloudresourcemanager.googleapis.com/v1/projects had HTTP Error: 401, Request had invalid authentication credentials. Expected OAuth 2 access token, login cookie or other valid authentication credential. See https://developers.google.com/identity/sign-in/web/devconsole-project.
    at responseToError (C:\Users\krish\AppData\Roaming\npm\node_modules\firebase-tools\lib\responseToError.js:53:12)
    at RetryOperation._fn (C:\Users\krish\AppData\Roaming\npm\node_modules\firebase-tools\lib\apiv2.js:322:77)
    at process.processTicksAndRejections (node:internal/process/task_queues:105:5)
[error] 
[error] Error: Failed to create project. See firebase-debug.log for more info.
